0x80000000 (0x00000013)
0x80000000 (0x00000013)
0x80000000 (0x00000013)
0x80000000 (0x800000b7) x1  0x80000000
0x80000004 (0x80001fb7) x31 0x80001000
0x80000008 (0x4105) x2  0x00000001
0x8000000a (0x00210193) x3  0x00000003
0x8000000e (0x00418213) x4  0x00000007
0x80000012 (0x00820293) x5  0x0000000f
0x80000016 (0x01028313) x6  0x0000001f
0x8000001a (0x02030393) x7  0x0000003f
0x8000001e (0x04038413) x8  0x0000007f
0x80000022 (0x08040493) x9  0x000000ff
0x80000026 (0x10048513) x10 0x000001ff
0x8000002a (0xf0050593) x11 0x000000ff
0x8000002e (0xf8058613) x12 0x0000007f
0x80000032 (0xfc060693) x13 0x0000003f
0x80000036 (0xfe068713) x14 0x0000001f
0x8000003a (0xff070793) x15 0x0000000f
0x8000003e (0x00102813) x16 0x00000001
0x80000042 (0x00002893) x17 0x00000000
0x80000046 (0xfff02913) x18 0x00000000
0x8000004a (0x00103993) x19 0x00000001
0x8000004e (0x00003a13) x20 0x00000000
0x80000052 (0x0107aa93) x21 0x00000001
0x80000056 (0x00f7ab13) x22 0x00000000
0x8000005a (0x00e7ab93) x23 0x00000000
0x8000005e (0x0107bc13) x24 0x00000001
0x80000062 (0x00f7bc93) x25 0x00000000
0x80000066 (0x0ff7cd13) x26 0x000000f0
0x8000006a (0x0aad4d93) x27 0x0000005a
0x8000006e (0x055dce13) x28 0x0000000f
0x80000072 (0x0f0e4e93) x29 0x000000ff
0x80000076 (0x00fecf13) x30 0x000000f0
0x8000007a (0x00106113) x2  0x00000001
0x8000007e (0x00216193) x3  0x00000003
0x80000082 (0x0041e213) x4  0x00000007
0x80000086 (0x00826293) x5  0x0000000f
0x8000008a (0x0102e313) x6  0x0000001f
0x8000008e (0x02036393) x7  0x0000003f
0x80000092 (0x0403e413) x8  0x0000007f
0x80000096 (0x08046493) x9  0x000000ff
0x8000009a (0x0f04f513) x10 0x000000f0
0x8000009e (0x05557593) x11 0x00000050
0x800000a2 (0x0aa5f613) x12 0x00000000
0x800000a6 (0x03367693) x13 0x00000000
0x800000aa (0x0cc6f713) x14 0x00000000
0x800000ae (0x003107b3) x15 0x00000004
0x800000b2 (0x00478833) x16 0x0000000b
0x800000b6 (0x005808b3) x17 0x0000001a
0x800000ba (0x00688933) x18 0x00000039
0x800000be (0x007909b3) x19 0x00000078
0x800000c2 (0x00898a33) x20 0x000000f7
0x800000c6 (0x409a0ab3) x21 0xfffffff8
0x800000ca (0x40aa8b33) x22 0xffffff08
0x800000ce (0x40bb0bb3) x23 0xfffffeb8
0x800000d2 (0x40cb8c33) x24 0xfffffeb8
0x800000d6 (0x40dc0cb3) x25 0xfffffeb8
0x800000da (0x40ec8d33) x26 0xfffffeb8
0x800000de (0x01578db3) x27 0xfffffffc
0x800000e2 (0x41680e33) x28 0x00000103
0x800000e6 (0x01cd8eb3) x29 0x000000ff
0x800000ea (0x411e8f33) x30 0x000000e5
0x800000ee (0x00179113) x2  0x00000008
0x800000f2 (0x00211193) x3  0x00000020
0x800000f6 (0x00319213) x4  0x00000100
0x800000fa (0x00421293) x5  0x00001000
0x800000fe (0x00529313) x6  0x00020000
0x80000102 (0x00135393) x7  0x00010000
0x80000106 (0x0023d413) x8  0x00004000
0x8000010a (0x00345493) x9  0x00000800
0x8000010e (0x0044d513) x10 0x00000080
0x80000112 (0x00555593) x11 0x00000004
0x80000116 (0x40135613) x12 0x00010000
0x8000011a (0x40265693) x13 0x00004000
0x8000011e (0x4036d713) x14 0x00000800
0x80000122 (0x40475793) x15 0x00000080
0x80000126 (0x4057d813) x16 0x00000004
0x8000012a (0x4885) x17 0x00000001
0x8000012c (0x4909) x18 0x00000002
0x8000012e (0x498d) x19 0x00000003
0x80000130 (0x01181a33) x20 0x00000008
0x80000134 (0x012a1ab3) x21 0x00000020
0x80000138 (0x013a9b33) x22 0x00000100
0x8000013c (0x011b5bb3) x23 0x00000080
0x80000140 (0x012bdc33) x24 0x00000020
0x80000144 (0x013c5cb3) x25 0x00000004
0x80000148 (0x411b5d33) x26 0x00000080
0x8000014c (0x412d5db3) x27 0x00000020
0x80000150 (0x413dde33) x28 0x00000004
0x80000154 (0x01ccaeb3) x29 0x00000000
0x80000158 (0x019e2f33) x30 0x00000000
0x8000015c (0x01eea133) x2  0x00000000
0x80000160 (0x01ccb1b3) x3  0x00000000
0x80000164 (0x019e3233) x4  0x00000000
0x80000168 (0x0041b2b3) x5  0x00000000
0x8000016c (0x01ccc333) x6  0x00000000
0x80000170 (0x01d343b3) x7  0x00000000
0x80000174 (0x01e3c433) x8  0x00000000
0x80000178 (0x002444b3) x9  0x00000000
0x8000017c (0x00736533) x10 0x00000000
0x80000180 (0x009465b3) x11 0x00000000
0x80000184 (0x00b56633) x12 0x00000000
0x80000188 (0x007376b3) x13 0x00000000
0x8000018c (0x00947733) x14 0x00000000
0x80000190 (0x00e6f7b3) x15 0x00000000
0x80000194 (0x12345837) x16 0x12345000
0x80000198 (0xabcde8b7) x17 0xabcde000
0x8000019c (0x55555937) x18 0x55555000
0x800001a0 (0xaaaaa9b7) x19 0xaaaaa000
0x800001a4 (0x01000a17) x20 0x810001a4
0x800001a8 (0x02000a97) x21 0x820001a8
0x800001ac (0x03000b17) x22 0x830001ac
0x800001b0 (0x04000b97) x23 0x840001b0
0x800001b4 (0x01180c33) x24 0xbe023000
0x800001b8 (0x01390cb3) x25 0xfffff000
0x800001bc (0x015a0d33) x26 0x0300034c
0x800001c0 (0x017b0db3) x27 0x0700035c
0x800001c4 (0x0100a023) mem 0x80000000 0x12345000
0x800001c4 (0x0100a023) mem 0x80000000 0x12345000
0x800001c4 (0x0100a023) mem 0x80000000 0x12345000
0x800001c4 (0x0100a023) mem 0x80000000 0x12345000
0x800001c8 (0x0110a223) mem 0x80000004 0xabcde000
0x800001c8 (0x0110a223) mem 0x80000004 0xabcde000
0x800001c8 (0x0110a223) mem 0x80000004 0xabcde000
0x800001c8 (0x0110a223) mem 0x80000004 0xabcde000
0x800001cc (0x0120a423) mem 0x80000008 0x55555000
0x800001cc (0x0120a423) mem 0x80000008 0x55555000
0x800001cc (0x0120a423) mem 0x80000008 0x55555000
0x800001cc (0x0120a423) mem 0x80000008 0x55555000
0x800001d0 (0x0130a623) mem 0x8000000c 0xaaaaa000
0x800001d0 (0x0130a623) mem 0x8000000c 0xaaaaa000
0x800001d0 (0x0130a623) mem 0x8000000c 0xaaaaa000
0x800001d0 (0x0130a623) mem 0x8000000c 0xaaaaa000
0x800001d4 (0x0140a823) mem 0x80000010 0x810001a4
0x800001d4 (0x0140a823) mem 0x80000010 0x810001a4
0x800001d4 (0x0140a823) mem 0x80000010 0x810001a4
0x800001d4 (0x0140a823) mem 0x80000010 0x810001a4
0x800001d8 (0x0150aa23) mem 0x80000014 0x820001a8
0x800001d8 (0x0150aa23) mem 0x80000014 0x820001a8
0x800001d8 (0x0150aa23) mem 0x80000014 0x820001a8
0x800001d8 (0x0150aa23) mem 0x80000014 0x820001a8
0x800001dc (0x0160ac23) mem 0x80000018 0x830001ac
0x800001dc (0x0160ac23) mem 0x80000018 0x830001ac
0x800001dc (0x0160ac23) mem 0x80000018 0x830001ac
0x800001dc (0x0160ac23) mem 0x80000018 0x830001ac
0x800001e0 (0x0170ae23) mem 0x8000001c 0x840001b0
0x800001e0 (0x0170ae23) mem 0x8000001c 0x840001b0
0x800001e0 (0x0170ae23) mem 0x8000001c 0x840001b0
0x800001e0 (0x0170ae23) mem 0x8000001c 0x840001b0
0x800001e4 (0x03809023) mem 0x80000020 0x3000
0x800001e4 (0x03809023) mem 0x80000020 0x3000
0x800001e4 (0x03809023) mem 0x80000020 0x3000
0x800001e4 (0x03809023) mem 0x80000020 0x3000
0x800001e8 (0x03909123) mem 0x80000022 0xf000
0x800001e8 (0x03909123) mem 0x80000022 0xf000
0x800001e8 (0x03909123) mem 0x80000022 0xf000
0x800001e8 (0x03909123) mem 0x80000022 0xf000
0x800001ec (0x03a09223) mem 0x80000024 0x034c
0x800001ec (0x03a09223) mem 0x80000024 0x034c
0x800001ec (0x03a09223) mem 0x80000024 0x034c
0x800001ec (0x03a09223) mem 0x80000024 0x034c
0x800001f0 (0x03b09323) mem 0x80000026 0x035c
0x800001f0 (0x03b09323) mem 0x80000026 0x035c
0x800001f0 (0x03b09323) mem 0x80000026 0x035c
0x800001f0 (0x03b09323) mem 0x80000026 0x035c
0x800001f4 (0x03808423) mem 0x80000028 0x00
0x800001f4 (0x03808423) mem 0x80000028 0x00
0x800001f4 (0x03808423) mem 0x80000028 0x00
0x800001f4 (0x03808423) mem 0x80000028 0x00
0x800001f8 (0x039084a3) mem 0x80000029 0x00
0x800001f8 (0x039084a3) mem 0x80000029 0x00
0x800001f8 (0x039084a3) mem 0x80000029 0x00
0x800001f8 (0x039084a3) mem 0x80000029 0x00
0x800001fc (0x03a08523) mem 0x8000002a 0x4c
0x800001fc (0x03a08523) mem 0x8000002a 0x4c
0x800001fc (0x03a08523) mem 0x8000002a 0x4c
0x800001fc (0x03a08523) mem 0x8000002a 0x4c
0x80000200 (0x03b085a3) mem 0x8000002b 0x5c
0x80000200 (0x03b085a3) mem 0x8000002b 0x5c
0x80000200 (0x03b085a3) mem 0x8000002b 0x5c
0x80000200 (0x03b085a3) mem 0x8000002b 0x5c
0x80000204 (0x0000ae03) x28 0x00000000 mem 0x80000000
0x80000204 (0x0000ae03) x28 0x00000000 mem 0x80000000
0x80000204 (0x0000ae03) x28 0x00000000 mem 0x80000000
0x80000204 (0x0000ae03) x28 0x12345000 mem 0x80000000
0x80000208 (0x0040ae83) x29 0x00000000 mem 0x80000004
0x80000208 (0x0040ae83) x29 0x00000000 mem 0x80000004
0x80000208 (0x0040ae83) x29 0x00000000 mem 0x80000004
0x80000208 (0x0040ae83) x29 0xabcde000 mem 0x80000004
0x8000020c (0x0080af03) x30 0x00000000 mem 0x80000008
0x8000020c (0x0080af03) x30 0x00000000 mem 0x80000008
0x8000020c (0x0080af03) x30 0x00000000 mem 0x80000008
0x8000020c (0x0080af03) x30 0x55555000 mem 0x80000008
0x80000210 (0x00c0a103) x2  0x00000000 mem 0x8000000c
0x80000210 (0x00c0a103) x2  0x00000000 mem 0x8000000c
0x80000210 (0x00c0a103) x2  0x00000000 mem 0x8000000c
0x80000210 (0x00c0a103) x2  0xaaaaa000 mem 0x8000000c
0x80000214 (0x00000013)
0x80000214 (0x01e102b3) x5  0xfffff000
0x80000218 (0x01de01b3) x3  0xbe023000
0x8000021c (0x002f0233) x4  0xfffff000
0x80000220 (0x404182b3) x5  0xbe024000
0x80000224 (0x02009303) x6  0x00000000 mem 0x80000020
0x80000224 (0x02009303) x6  0x00000000 mem 0x80000020
0x80000224 (0x02009303) x6  0x00000000 mem 0x80000020
0x80000224 (0x02009303) x6  0x00003000 mem 0x80000020
0x80000228 (0x0200d383) x7  0x00000000 mem 0x80000020
0x80000228 (0x0200d383) x7  0x00000000 mem 0x80000020
0x80000228 (0x0200d383) x7  0x00000000 mem 0x80000020
0x80000228 (0x0200d383) x7  0x00003000 mem 0x80000020
0x8000022c (0x02209403) x8  0x00000000 mem 0x80000022
0x8000022c (0x02209403) x8  0x00000000 mem 0x80000022
0x8000022c (0x02209403) x8  0x00000000 mem 0x80000022
0x8000022c (0x02209403) x8  0xfffff000 mem 0x80000022
0x80000230 (0x0220d483) x9  0x00000000 mem 0x80000022
0x80000230 (0x0220d483) x9  0x00000000 mem 0x80000022
0x80000230 (0x0220d483) x9  0x00000000 mem 0x80000022
0x80000230 (0x0220d483) x9  0x0000f000 mem 0x80000022
0x80000234 (0x00000013)
0x80000234 (0x0c748693) x13 0x0000f0c7
0x80000238 (0x00730533) x10 0x00006000
0x8000023c (0x009405b3) x11 0x0000e000
0x80000240 (0x40b50633) x12 0xffff8000
0x80000244 (0x02808683) x13 0x00000000 mem 0x80000028
0x80000244 (0x02808683) x13 0x00000000 mem 0x80000028
0x80000244 (0x02808683) x13 0x00000000 mem 0x80000028
0x80000244 (0x02808683) x13 0x00000000 mem 0x80000028
0x80000248 (0x0280c703) x14 0x00000000 mem 0x80000028
0x80000248 (0x0280c703) x14 0x00000000 mem 0x80000028
0x80000248 (0x0280c703) x14 0x00000000 mem 0x80000028
0x80000248 (0x0280c703) x14 0x00000000 mem 0x80000028
0x8000024c (0x02908783) x15 0x00000000 mem 0x80000029
0x8000024c (0x02908783) x15 0x00000000 mem 0x80000029
0x8000024c (0x02908783) x15 0x00000000 mem 0x80000029
0x8000024c (0x02908783) x15 0x00000000 mem 0x80000029
0x80000250 (0x0290c803) x16 0x00000000 mem 0x80000029
0x80000250 (0x0290c803) x16 0x00000000 mem 0x80000029
0x80000250 (0x0290c803) x16 0x00000000 mem 0x80000029
0x80000250 (0x0290c803) x16 0x00000000 mem 0x80000029
0x80000254 (0x00e688b3) x17 0x00000000
0x80000258 (0x01078933) x18 0x00000000
0x8000025c (0x412889b3) x19 0x00000000
0x80000260 (0x12300b93) x23 0x00000123
0x80000264 (0x456bcc13) x24 0x00000575
0x80000268 (0x004c1c93) x25 0x00005750
0x8000026c (0x002cdd13) x26 0x000015d4
0x80000270 (0x7ffd7d93) x27 0x000005d4
0x80000274 (0x080dee13) x28 0x000005d4
0x80000278 (0x018b8eb3) x29 0x00000698
0x8000027c (0x41ac8f33) x30 0x0000417c
0x80000280 (0x01cdc133) x2  0x00000000
0x80000284 (0x01eee1b3) x3  0x000047fc
0x80000288 (0x00317233) x4  0x00000000
0x8000028c (0x01d222b3) x5  0x00000001
0x80000290 (0x01e1b333) x6  0x00000000
0x80000294 (0x006283b3) x7  0x00000001
0x80000298 (0x40438433) x8  0x00000001
0x8000029c (0x1220a623) mem 0x8000012c 0x00000000
0x8000029c (0x1220a623) mem 0x8000012c 0x00000000
0x8000029c (0x1220a623) mem 0x8000012c 0x00000000
0x8000029c (0x1220a623) mem 0x8000012c 0x00000000
0x800002a0 (0x1230a823) mem 0x80000130 0x000047fc
0x800002a0 (0x1230a823) mem 0x80000130 0x000047fc
0x800002a0 (0x1230a823) mem 0x80000130 0x000047fc
0x800002a0 (0x1230a823) mem 0x80000130 0x000047fc
0x800002a4 (0x1240aa23) mem 0x80000134 0x00000000
0x800002a4 (0x1240aa23) mem 0x80000134 0x00000000
0x800002a4 (0x1240aa23) mem 0x80000134 0x00000000
0x800002a4 (0x1240aa23) mem 0x80000134 0x00000000
0x800002a8 (0x1250ac23) mem 0x80000138 0x00000001
0x800002a8 (0x1250ac23) mem 0x80000138 0x00000001
0x800002a8 (0x1250ac23) mem 0x80000138 0x00000001
0x800002a8 (0x1250ac23) mem 0x80000138 0x00000001
0x800002ac (0x1260ae23) mem 0x8000013c 0x00000000
0x800002ac (0x1260ae23) mem 0x8000013c 0x00000000
0x800002ac (0x1260ae23) mem 0x8000013c 0x00000000
0x800002ac (0x1260ae23) mem 0x8000013c 0x00000000
0x800002b0 (0x1470a023) mem 0x80000140 0x00000001
0x800002b0 (0x1470a023) mem 0x80000140 0x00000001
0x800002b0 (0x1470a023) mem 0x80000140 0x00000001
0x800002b0 (0x1470a023) mem 0x80000140 0x00000001
0x800002b4 (0x1480a223) mem 0x80000144 0x00000001
0x800002b4 (0x1480a223) mem 0x80000144 0x00000001
0x800002b4 (0x1480a223) mem 0x80000144 0x00000001
0x800002b4 (0x1480a223) mem 0x80000144 0x00000001
0x800002b8 (0x1490a423) mem 0x80000148 0x0000f000
0x800002b8 (0x1490a423) mem 0x80000148 0x0000f000
0x800002b8 (0x1490a423) mem 0x80000148 0x0000f000
0x800002b8 (0x1490a423) mem 0x80000148 0x0000f000
0x800002bc (0x14a0a623) mem 0x8000014c 0x00006000
0x800002bc (0x14a0a623) mem 0x8000014c 0x00006000
0x800002bc (0x14a0a623) mem 0x8000014c 0x00006000
0x800002bc (0x14a0a623) mem 0x8000014c 0x00006000
0x800002c0 (0x14b0a823) mem 0x80000150 0x0000e000
0x800002c0 (0x14b0a823) mem 0x80000150 0x0000e000
0x800002c0 (0x14b0a823) mem 0x80000150 0x0000e000
0x800002c0 (0x14b0a823) mem 0x80000150 0x0000e000
0x800002c4 (0x14c0aa23) mem 0x80000154 0xffff8000
0x800002c4 (0x14c0aa23) mem 0x80000154 0xffff8000
0x800002c4 (0x14c0aa23) mem 0x80000154 0xffff8000
0x800002c4 (0x14c0aa23) mem 0x80000154 0xffff8000
0x800002c8 (0x14d0ac23) mem 0x80000158 0x00000000
0x800002c8 (0x14d0ac23) mem 0x80000158 0x00000000
0x800002c8 (0x14d0ac23) mem 0x80000158 0x00000000
0x800002c8 (0x14d0ac23) mem 0x80000158 0x00000000
0x800002cc (0x14e0ae23) mem 0x8000015c 0x00000000
0x800002cc (0x14e0ae23) mem 0x8000015c 0x00000000
0x800002cc (0x14e0ae23) mem 0x8000015c 0x00000000
0x800002cc (0x14e0ae23) mem 0x8000015c 0x00000000
0x800002d0 (0x16f0a023) mem 0x80000160 0x00000000
0x800002d0 (0x16f0a023) mem 0x80000160 0x00000000
0x800002d0 (0x16f0a023) mem 0x80000160 0x00000000
0x800002d0 (0x16f0a023) mem 0x80000160 0x00000000
0x800002d4 (0x1700a223) mem 0x80000164 0x00000000
0x800002d4 (0x1700a223) mem 0x80000164 0x00000000
0x800002d4 (0x1700a223) mem 0x80000164 0x00000000
0x800002d4 (0x1700a223) mem 0x80000164 0x00000000
0x800002d8 (0x1710a423) mem 0x80000168 0x00000000
0x800002d8 (0x1710a423) mem 0x80000168 0x00000000
0x800002d8 (0x1710a423) mem 0x80000168 0x00000000
0x800002d8 (0x1710a423) mem 0x80000168 0x00000000
0x800002dc (0x1720a623) mem 0x8000016c 0x00000000
0x800002dc (0x1720a623) mem 0x8000016c 0x00000000
0x800002dc (0x1720a623) mem 0x8000016c 0x00000000
0x800002dc (0x1720a623) mem 0x8000016c 0x00000000
0x800002e0 (0x1730a823) mem 0x80000170 0x00000000
0x800002e0 (0x1730a823) mem 0x80000170 0x00000000
0x800002e0 (0x1730a823) mem 0x80000170 0x00000000
0x800002e0 (0x1730a823) mem 0x80000170 0x00000000
0x800002e4 (0x1740aa23) mem 0x80000174 0x810001a4
0x800002e4 (0x1740aa23) mem 0x80000174 0x810001a4
0x800002e4 (0x1740aa23) mem 0x80000174 0x810001a4
0x800002e4 (0x1740aa23) mem 0x80000174 0x810001a4
0x800002e8 (0x1750ac23) mem 0x80000178 0x820001a8
0x800002e8 (0x1750ac23) mem 0x80000178 0x820001a8
0x800002e8 (0x1750ac23) mem 0x80000178 0x820001a8
0x800002e8 (0x1750ac23) mem 0x80000178 0x820001a8
0x800002ec (0x1760ae23) mem 0x8000017c 0x830001ac
0x800002ec (0x1760ae23) mem 0x8000017c 0x830001ac
0x800002ec (0x1760ae23) mem 0x8000017c 0x830001ac
0x800002ec (0x1760ae23) mem 0x8000017c 0x830001ac
0x800002f0 (0x1970a023) mem 0x80000180 0x00000123
0x800002f0 (0x1970a023) mem 0x80000180 0x00000123
0x800002f0 (0x1970a023) mem 0x80000180 0x00000123
0x800002f0 (0x1970a023) mem 0x80000180 0x00000123
0x800002f4 (0x1980a223) mem 0x80000184 0x00000575
0x800002f4 (0x1980a223) mem 0x80000184 0x00000575
0x800002f4 (0x1980a223) mem 0x80000184 0x00000575
0x800002f4 (0x1980a223) mem 0x80000184 0x00000575
0x800002f8 (0x1990a423) mem 0x80000188 0x00005750
0x800002f8 (0x1990a423) mem 0x80000188 0x00005750
0x800002f8 (0x1990a423) mem 0x80000188 0x00005750
0x800002f8 (0x1990a423) mem 0x80000188 0x00005750
0x800002fc (0x19a0a623) mem 0x8000018c 0x000015d4
0x800002fc (0x19a0a623) mem 0x8000018c 0x000015d4
0x800002fc (0x19a0a623) mem 0x8000018c 0x000015d4
0x800002fc (0x19a0a623) mem 0x8000018c 0x000015d4
0x80000300 (0x19b0a823) mem 0x80000190 0x000005d4
0x80000300 (0x19b0a823) mem 0x80000190 0x000005d4
0x80000300 (0x19b0a823) mem 0x80000190 0x000005d4
0x80000300 (0x19b0a823) mem 0x80000190 0x000005d4
0x80000304 (0x19c0aa23) mem 0x80000194 0x000005d4
0x80000304 (0x19c0aa23) mem 0x80000194 0x000005d4
0x80000304 (0x19c0aa23) mem 0x80000194 0x000005d4
0x80000304 (0x19c0aa23) mem 0x80000194 0x000005d4
0x80000308 (0x19d0ac23) mem 0x80000198 0x00000698
0x80000308 (0x19d0ac23) mem 0x80000198 0x00000698
0x80000308 (0x19d0ac23) mem 0x80000198 0x00000698
0x80000308 (0x19d0ac23) mem 0x80000198 0x00000698
0x8000030c (0x19e0ae23) mem 0x8000019c 0x0000417c
0x8000030c (0x19e0ae23) mem 0x8000019c 0x0000417c
0x8000030c (0x19e0ae23) mem 0x8000019c 0x0000417c
0x8000030c (0x19e0ae23) mem 0x8000019c 0x0000417c
0x80000310 (0x4195) x3  0x00000005
0x80000312 (0x4215) x4  0x00000005
0x80000314 (0x00418463)
0x80000318 (0x00000013)
0x8000031c (0x00000013)
0x8000031c (0x0105) x2  0x00000001
0x8000031e (0x4195) x3  0x00000005
0x80000320 (0x421d) x4  0x00000007
0x80000322 (0x00418463)
0x80000326 (0x0105) x2  0x00000002
0x80000328 (0xa019)
0x8000032a (0x00000013)
0x8000032e (0x00000013)
0x8000032e (0x4195) x3  0x00000005
0x80000330 (0x421d) x4  0x00000007
0x80000332 (0x00419463)
0x80000336 (0x00000013)
0x8000033a (0x00000013)
0x8000033a (0x0105) x2  0x00000003
0x8000033c (0x4195) x3  0x00000005
0x8000033e (0x4215) x4  0x00000005
0x80000340 (0x00419463)
0x80000344 (0x0105) x2  0x00000004
0x80000346 (0xa019)
0x80000348 (0x00000013)
0x8000034c (0x00000013)
0x8000034c (0x418d) x3  0x00000003
0x8000034e (0x4221) x4  0x00000008
0x80000350 (0x0041c463)
0x80000354 (0x00000013)
0x80000358 (0x00000013)
0x80000358 (0x0105) x2  0x00000005
0x8000035a (0x41a1) x3  0x00000008
0x8000035c (0x420d) x4  0x00000003
0x8000035e (0x0041c463)
0x80000362 (0x0105) x2  0x00000006
0x80000364 (0xa019)
0x80000366 (0x00000013)
0x8000036a (0x00000013)
0x8000036a (0x51ed) x3  0xfffffffb
0x8000036c (0x4209) x4  0x00000002
0x8000036e (0x0041c463)
0x80000372 (0x00000013)
0x80000376 (0x00000013)
0x80000376 (0x0105) x2  0x00000007
0x80000378 (0x4195) x3  0x00000005
0x8000037a (0x4215) x4  0x00000005
0x8000037c (0x0041d463)
0x80000380 (0x00000013)
0x80000384 (0x00000013)
0x80000384 (0x0105) x2  0x00000008
0x80000386 (0x41a9) x3  0x0000000a
0x80000388 (0x4215) x4  0x00000005
0x8000038a (0x0041d463)
0x8000038e (0x00000013)
0x80000392 (0x00000013)
0x80000392 (0x0105) x2  0x00000009
0x80000394 (0x418d) x3  0x00000003
0x80000396 (0x4221) x4  0x00000008
0x80000398 (0x0041d463)
0x8000039c (0x0105) x2  0x0000000a
0x8000039e (0xa019)
0x800003a0 (0x00000013)
0x800003a4 (0x00000013)
0x800003a4 (0xfff00193) x3  0xffffffff
0x800003a8 (0x4215) x4  0x00000005
0x800003aa (0x00326463)
0x800003ae (0x00000013)
0x800003b2 (0x00000013)
0x800003b2 (0x0105) x2  0x0000000b
0x800003b4 (0xfff00193) x3  0xffffffff
0x800003b8 (0x4215) x4  0x00000005
0x800003ba (0x0041e463)
0x800003be (0x0105) x2  0x0000000c
0x800003c0 (0xa019)
0x800003c2 (0x00000013)
0x800003c6 (0x00000013)
0x800003c6 (0xfff00193) x3  0xffffffff
0x800003ca (0x4215) x4  0x00000005
0x800003cc (0x0041f463)
0x800003d0 (0x00000013)
0x800003d4 (0x00000013)
0x800003d4 (0x0105) x2  0x0000000d
0x800003d6 (0x4195) x3  0x00000005
0x800003d8 (0xfff00213) x4  0xffffffff
0x800003dc (0x0041f463)
0x800003e0 (0x0105) x2  0x0000000e
0x800003e2 (0xa019)
0x800003e4 (0x00000013)
0x800003e8 (0x00000013)
0x800003e8 (0x41a9) x3  0x0000000a
0x800003ea (0x4229) x4  0x0000000a
0x800003ec (0x0041f463)
0x800003f0 (0x00000013)
0x800003f4 (0x00000013)
0x800003f4 (0x0105) x2  0x0000000f
0x800003f6 (0x4185) x3  0x00000001
0x800003f8 (0x4205) x4  0x00000001
0x800003fa (0x00418463)
0x800003fe (0x00000013)
0x80000402 (0x00000013)
0x80000402 (0x0105) x2  0x00000010
0x80000404 (0x0020a023) mem 0x80000000 0x00000010
0x80000404 (0x0020a023) mem 0x80000000 0x00000010
0x80000404 (0x0020a023) mem 0x80000000 0x0000000f
0x80000404 (0x0020a023) mem 0x80000000 0x0000000f
0x80000408 (0x42c1) x5  0x00000010
0x8000040a (0x40510333) x6  0x00000000
0x8000040e (0x0050a223) mem 0x80000004 0x00000010
0x8000040e (0x0050a223) mem 0x80000004 0x00000001
0x8000040e (0x0050a223) mem 0x80000004 0x00000001
0x8000040e (0x0050a223) mem 0x80000004 0x00000001
0x80000412 (0x0060a423) mem 0x80000008 0x00000000
0x80000412 (0x0060a423) mem 0x80000008 0x00000000
0x80000412 (0x0060a423) mem 0x80000008 0x00000000
0x80000412 (0x0060a423) mem 0x80000008 0x00000000
0x80000416 (0x4501) x10 0x00000000
0x80000418 (0xa009)
0x8000041a (0x00000013)
0x8000041c (0x00000013)
0x8000041a (0x0001)
============================================
CPI: 1.002020
============================================
